<?xml version="1.0" encoding="UTF-8"?>
<testng-results ignored="0" total="1" passed="1" failed="0" skipped="0">
  <reporter-output>
  </reporter-output>
  <suite started-at="2026-07-21T15:16:31 IST" name="Default suite" finished-at="2026-07-21T15:16:32 IST" duration-ms="546">
    <groups>
    </groups>
    <test started-at="2026-07-21T15:16:31 IST" name="Default test" finished-at="2026-07-21T15:16:32 IST" duration-ms="546">
      <class name="JDBC_Connection.DataBaseTest">
        <test-method signature="testDatabaseConnection()[pri:0, instance:JDBC_Connection.DataBaseTest@18078bef]" started-at="2026-07-21T15:16:31 IST" name="testDatabaseConnection" finished-at="2026-07-21T15:16:32 IST" duration-ms="502" status="PASS">
          <reporter-output>
          </reporter-output>
        </test-method> <!-- testDatabaseConnection -->
      </class> <!-- JDBC_Connection.DataBaseTest -->
    </test> <!-- Default test -->
  </suite> <!-- Default suite -->
</testng-results>
