<?xml version="1.0" encoding="UTF-8"?>
<!-- Generated by org.testng.reporters.JUnitReportReporter -->
<testsuite hostname="Divays_LOQ" failures="0" tests="4" name="PageFactory.Login" time="60.677" errors="0" timestamp="2026-07-28T18:53:21 IST" skipped="0">
  <testcase classname="PageFactory.Login" name="login" time="13.190"/>
  <testcase classname="PageFactory.Login" name="navigateToAgeCalculator" time="40.232"/>
  <testcase classname="PageFactory.Login" name="testAgeCalculation" time="3.810"/>
  <testcase classname="PageFactory.Login" name="testAgeCalculation1" time="3.445"/>
</testsuite> <!-- PageFactory.Login -->
