<?xml version="1.0" encoding="UTF-8"?>
<!-- Generated by org.testng.reporters.JUnitXMLReporter -->
<testsuite ignored="0" hostname="Divays_LOQ" failures="0" tests="3" name="Default test" time="28.494" errors="0" timestamp="2026-07-15T10:31:26 IST">
  <testcase classname="NavigationCommands.NavigationCommnds" name="ChromeTest" time="12.664"/>
  <testcase classname="NavigationCommands.NavigationCommnds" name="EdgeTest" time="6.068"/>
  <testcase classname="NavigationCommands.NavigationCommnds" name="FirefoxTest" time="9.709"/>
</testsuite> <!-- Default test -->
