<?xml version="1.0" encoding="UTF-8"?>
<testng-results ignored="0" total="1" passed="1" failed="0" skipped="0">
  <reporter-output>
  </reporter-output>
  <suite started-at="2026-07-16T16:13:18 IST" name="Default suite" finished-at="2026-07-16T16:13:47 IST" duration-ms="28793">
    <groups>
    </groups>
    <test started-at="2026-07-16T16:13:18 IST" name="Default test" finished-at="2026-07-16T16:13:47 IST" duration-ms="28793">
      <class name="com.SeleniumDriver.Alerts.JavaScriptAlerts">
        <test-method signature="TestPopups()[pri:0, instance:com.SeleniumDriver.Alerts.JavaScriptAlerts@3c19aaa5]" started-at="2026-07-16T16:13:18 IST" name="TestPopups" finished-at="2026-07-16T16:13:47 IST" duration-ms="28746" status="PASS">
          <reporter-output>
          </reporter-output>
        </test-method> <!-- TestPopups -->
      </class> <!-- com.SeleniumDriver.Alerts.JavaScriptAlerts -->
    </test> <!-- Default test -->
  </suite> <!-- Default suite -->
</testng-results>
