<?xml version="1.0" encoding="UTF-8"?>
<!-- Generated by org.testng.reporters.JUnitReportReporter -->
<testsuite hostname="Divays_LOQ" failures="0" tests="10" name="com.Example.Test.DataDrivenGetTest" time="14.980" errors="0" timestamp="2026-07-27T12:55:19 IST" skipped="0">
  <testcase classname="com.Example.Test.DataDrivenGetTest" name="testMultiplePostsTraditional" time="1.019"/>
  <testcase classname="com.Example.Test.DataDrivenGetTest" name="testMultiplePostsTraditional" time="1.298"/>
  <testcase classname="com.Example.Test.DataDrivenGetTest" name="testMultiplePostsTraditional" time="1.637"/>
  <testcase classname="com.Example.Test.DataDrivenGetTest" name="testMultiplePostsBDD" time="3.333"/>
  <testcase classname="com.Example.Test.DataDrivenGetTest" name="testMultiplePostsBDD" time="0.939"/>
  <testcase classname="com.Example.Test.DataDrivenGetTest" name="testMultiplePostsTraditional" time="1.431"/>
  <testcase classname="com.Example.Test.DataDrivenGetTest" name="testMultiplePostsBDD" time="1.319"/>
  <testcase classname="com.Example.Test.DataDrivenGetTest" name="testMultiplePostsTraditional" time="1.313"/>
  <testcase classname="com.Example.Test.DataDrivenGetTest" name="testMultiplePostsBDD" time="1.597"/>
  <testcase classname="com.Example.Test.DataDrivenGetTest" name="testMultiplePostsBDD" time="1.094"/>
</testsuite> <!-- com.Example.Test.DataDrivenGetTest -->
