<?xml version="1.0" encoding="UTF-8"?>
<!-- Generated by org.testng.reporters.JUnitXMLReporter -->
<testsuite ignored="0" hostname="Divays_LOQ" failures="0" tests="3" name="Default test" time="6.47" errors="0" timestamp="2026-07-27T12:55:39 IST">
  <testcase classname="POSTPUTRequests.POSTandPUTRequest" name="testPostRequestComplete" time="2.886"/>
  <testcase classname="POSTPUTRequests.POSTandPUTRequest" name="testBDDApproach" time="1.504"/>
  <testcase classname="POSTPUTRequests.POSTandPUTRequest" name="testBDDApproachWithExtraction" time="1.658"/>
</testsuite> <!-- Default test -->
