<?xml version="1.0" encoding="UTF-8"?>
<!-- Generated by org.testng.reporters.JUnitXMLReporter -->
<testsuite ignored="1" hostname="Divays_LOQ" failures="0" tests="1" name="Default test" time="7.773" errors="0" timestamp="2026-07-15T15:37:08 IST">
  <testcase classname="Task73Assignment.DifferentWebsitesChecking" name="saucelabs" time="7.706"/>
  <testcase classname="Task73Assignment.DifferentWebsitesChecking" name="IDLocator" time="0.0">
    <ignored/>
  </testcase> <!-- IDLocator -->
</testsuite> <!-- Default test -->
