<?xml version="1.0" encoding="UTF-8"?>
<!-- Generated by org.testng.reporters.JUnitXMLReporter -->
<testsuite ignored="0" hostname="Divays_LOQ" failures="1" tests="4" name="Test" time="15.666" errors="0" timestamp="2026-07-24T08:32:24 IST">
  <testcase classname="DataDrivenTesting.CSVFile.Testing.OrangeHRMLoginTest" name="testOrangeHRMLogin" time="2.711"/>
  <testcase classname="DataDrivenTesting.CSVFile.Testing.ChaseLoginTest" name="testChaseBankLoginFailure" time="1.422">
    <failure type="java.lang.AssertionError" message="Test crashed unexpectedly: .\TestData\chase_data.csv (The system cannot find the file specified)">
      <![CDATA[java.lang.AssertionError: Test crashed unexpectedly: .\TestData\chase_data.csv (The system cannot find the file specified)
at DataDrivenTesting.CSVFile.Testing.ChaseLoginTest.testChaseBankLoginFailure(ChaseLoginTest.java:42)
at java.base/java.util.ArrayList.forEach(ArrayList.java:1596)
... Removed 26 stack frames]]>
    </failure>
  </testcase> <!-- testChaseBankLoginFailure -->
  <testcase classname="DataDrivenTesting.CSVFile.Testing.CSVFileReading" name="DDTestingBlog" time="1.784"/>
  <testcase classname="DataDrivenTesting.CSVFile.Testing.AltoroLoginTest" name="testAltoroLogin" time="2.975"/>
</testsuite> <!-- Test -->
