<?xml version="1.0" encoding="UTF-8"?>
<!-- Generated by org.testng.reporters.JUnitXMLReporter -->
<testsuite ignored="0" hostname="Divays_LOQ" failures="0" tests="4" name="Test" time="46.237" errors="0" timestamp="2026-07-28T13:46:27 IST">
  <testcase classname="DataDrivenTesting.CSVFile.Testing.OrangeHRMLoginTest" name="testOrangeHRMLogin" time="9.393"/>
  <testcase classname="DataDrivenTesting.CSVFile.Testing.ChaseLoginTest" name="testChaseBankLoginFailure" time="4.448"/>
  <testcase classname="DataDrivenTesting.CSVFile.Testing.CSVFileReading" name="DDTestingBlog" time="11.616"/>
  <testcase classname="DataDrivenTesting.CSVFile.Testing.AltoroLoginTest" name="testAltoroLogin" time="9.269"/>
</testsuite> <!-- Test -->
