<?xml version="1.0" encoding="UTF-8"?>
<!-- Generated by org.testng.reporters.JUnitXMLReporter -->
<testsuite ignored="0" hostname="Divays_LOQ" failures="0" tests="4" name="Test" time="66.865" errors="0" timestamp="2026-07-28T18:53:21 IST">
  <testcase classname="PageFactory.Login" name="login" time="13.19"/>
  <testcase classname="PageFactory.Login" name="navigateToAgeCalculator" time="40.232"/>
  <testcase classname="PageFactory.Login" name="testAgeCalculation" time="3.81"/>
  <testcase classname="PageFactory.Login" name="testAgeCalculation1" time="3.445"/>
</testsuite> <!-- Test -->
