<?xml version="1.0" encoding="UTF-8"?>
<testng-results ignored="0" total="3" passed="3" failed="0" skipped="0">
  <reporter-output>
  </reporter-output>
  <suite started-at="2026-07-27T12:55:33 IST" name="Default suite" finished-at="2026-07-27T12:55:39 IST" duration-ms="6470">
    <groups>
    </groups>
    <test started-at="2026-07-27T12:55:33 IST" name="Default test" finished-at="2026-07-27T12:55:39 IST" duration-ms="6470">
      <class name="POSTPUTRequests.POSTandPUTRequest">
        <test-method is-config="true" signature="setup()[pri:0, instance:POSTPUTRequests.POSTandPUTRequest@33d512c1]" started-at="2026-07-27T12:55:33 IST" name="setup" finished-at="2026-07-27T12:55:33 IST" duration-ms="375" status="PASS">
          <reporter-output>
          </reporter-output>
        </test-method> <!-- setup -->
        <test-method signature="testPostRequestComplete()[pri:1, instance:POSTPUTRequests.POSTandPUTRequest@33d512c1]" started-at="2026-07-27T12:55:33 IST" name="testPostRequestComplete" finished-at="2026-07-27T12:55:36 IST" duration-ms="2886" status="PASS">
          <reporter-output>
          </reporter-output>
        </test-method> <!-- testPostRequestComplete -->
        <test-method signature="testBDDApproach()[pri:2, instance:POSTPUTRequests.POSTandPUTRequest@33d512c1]" started-at="2026-07-27T12:55:36 IST" name="testBDDApproach" finished-at="2026-07-27T12:55:37 IST" duration-ms="1504" status="PASS">
          <reporter-output>
          </reporter-output>
        </test-method> <!-- testBDDApproach -->
        <test-method signature="testBDDApproachWithExtraction()[pri:3, instance:POSTPUTRequests.POSTandPUTRequest@33d512c1]" started-at="2026-07-27T12:55:37 IST" name="testBDDApproachWithExtraction" finished-at="2026-07-27T12:55:39 IST" duration-ms="1658" status="PASS">
          <reporter-output>
          </reporter-output>
        </test-method> <!-- testBDDApproachWithExtraction -->
      </class> <!-- POSTPUTRequests.POSTandPUTRequest -->
    </test> <!-- Default test -->
  </suite> <!-- Default suite -->
</testng-results>
