<?xml version="1.0" encoding="UTF-8"?>
<testng-results ignored="0" total="3" passed="3" failed="0" skipped="0">
  <reporter-output>
  </reporter-output>
  <suite started-at="2026-07-15T10:30:58 IST" name="Default suite" finished-at="2026-07-15T10:31:26 IST" duration-ms="28494">
    <groups>
    </groups>
    <test started-at="2026-07-15T10:30:58 IST" name="Default test" finished-at="2026-07-15T10:31:26 IST" duration-ms="28494">
      <class name="NavigationCommands.NavigationCommnds">
        <test-method signature="ChromeTest()[pri:0, instance:NavigationCommands.NavigationCommnds@4135c3b]" started-at="2026-07-15T10:30:58 IST" name="ChromeTest" finished-at="2026-07-15T10:31:11 IST" duration-ms="12664" status="PASS">
          <reporter-output>
          </reporter-output>
        </test-method> <!-- ChromeTest -->
        <test-method signature="EdgeTest()[pri:0, instance:NavigationCommands.NavigationCommnds@4135c3b]" started-at="2026-07-15T10:31:11 IST" name="EdgeTest" finished-at="2026-07-15T10:31:17 IST" duration-ms="6068" status="PASS">
          <reporter-output>
          </reporter-output>
        </test-method> <!-- EdgeTest -->
        <test-method signature="FirefoxTest()[pri:0, instance:NavigationCommands.NavigationCommnds@4135c3b]" started-at="2026-07-15T10:31:17 IST" name="FirefoxTest" finished-at="2026-07-15T10:31:26 IST" duration-ms="9709" status="PASS">
          <reporter-output>
          </reporter-output>
        </test-method> <!-- FirefoxTest -->
      </class> <!-- NavigationCommands.NavigationCommnds -->
    </test> <!-- Default test -->
  </suite> <!-- Default suite -->
</testng-results>
