<?xml version="1.0" encoding="UTF-8"?>
<testng-results ignored="1" total="2" passed="1" failed="0" skipped="0">
  <reporter-output>
  </reporter-output>
  <suite started-at="2026-07-15T15:37:01 IST" name="Default suite" finished-at="2026-07-15T15:37:08 IST" duration-ms="7773">
    <groups>
    </groups>
    <test started-at="2026-07-15T15:37:01 IST" name="Default test" finished-at="2026-07-15T15:37:08 IST" duration-ms="7773">
      <class name="Task73Assignment.DifferentWebsitesChecking">
        <test-method signature="saucelabs()[pri:0, instance:Task73Assignment.DifferentWebsitesChecking@18078bef]" started-at="2026-07-15T15:37:01 IST" name="saucelabs" finished-at="2026-07-15T15:37:08 IST" duration-ms="7706" status="PASS">
          <reporter-output>
          </reporter-output>
        </test-method> <!-- saucelabs -->
      </class> <!-- Task73Assignment.DifferentWebsitesChecking -->
    </test> <!-- Default test -->
  </suite> <!-- Default suite -->
</testng-results>
