<?xml version="1.0" encoding="UTF-8"?>
<testng-results ignored="0" total="1" passed="1" failed="0" skipped="0">
  <reporter-output>
  </reporter-output>
  <suite started-at="2026-07-20T19:55:00 IST" name="Default suite" finished-at="2026-07-20T19:55:16 IST" duration-ms="16265">
    <groups>
    </groups>
    <test started-at="2026-07-20T19:55:00 IST" name="Default test" finished-at="2026-07-20T19:55:16 IST" duration-ms="16265">
      <class name="com.Framework.TestCase.LoginEasyCalculation">
        <test-method is-config="true" signature="SetUp()[pri:0, instance:com.Framework.TestCase.LoginEasyCalculation@1f2586d6]" started-at="2026-07-20T19:54:59 IST" name="SetUp" finished-at="2026-07-20T19:55:00 IST" duration-ms="771" status="PASS">
          <reporter-output>
          </reporter-output>
        </test-method> <!-- SetUp -->
        <test-method is-config="true" signature="BrowserTest()[pri:0, instance:com.Framework.TestCase.LoginEasyCalculation@1f2586d6]" started-at="2026-07-20T19:55:00 IST" name="BrowserTest" finished-at="2026-07-20T19:55:05 IST" duration-ms="4851" status="PASS">
          <reporter-output>
          </reporter-output>
        </test-method> <!-- BrowserTest -->
        <test-method signature="loginApp()[pri:0, instance:com.Framework.TestCase.LoginEasyCalculation@1f2586d6]" started-at="2026-07-20T19:55:05 IST" name="loginApp" finished-at="2026-07-20T19:55:16 IST" duration-ms="11002" status="PASS">
          <reporter-output>
          </reporter-output>
        </test-method> <!-- loginApp -->
        <test-method is-config="true" signature="tearDownMethod(org.testng.ITestResult)[pri:0, instance:com.Framework.TestCase.LoginEasyCalculation@1f2586d6]" started-at="2026-07-20T19:55:16 IST" name="tearDownMethod" finished-at="2026-07-20T19:55:16 IST" duration-ms="7" status="PASS">
          <params>
            <param index="0">
              <value>
                <![CDATA[[TestResult name=loginApp status=SUCCESS method=LoginEasyCalculation.loginApp()[pri:0, instance:com.Framework.TestCase.LoginEasyCalculation@1f2586d6] output={null}]]]>
              </value>
            </param>
          </params>
          <reporter-output>
          </reporter-output>
        </test-method> <!-- tearDownMethod -->
        <test-method is-config="true" signature="tearDown()[pri:0, instance:com.Framework.TestCase.LoginEasyCalculation@1f2586d6]" started-at="2026-07-20T19:55:16 IST" name="tearDown" finished-at="2026-07-20T19:55:16 IST" duration-ms="318" status="PASS">
          <reporter-output>
          </reporter-output>
        </test-method> <!-- tearDown -->
      </class> <!-- com.Framework.TestCase.LoginEasyCalculation -->
    </test> <!-- Default test -->
  </suite> <!-- Default suite -->
</testng-results>
