<?xml version="1.0" encoding="UTF-8"?>
<testng-results ignored="0" total="1" passed="1" failed="0" skipped="0">
  <reporter-output>
  </reporter-output>
  <suite started-at="2026-07-20T14:02:44 IST" name="Default suite" finished-at="2026-07-20T14:03:00 IST" duration-ms="15436">
    <groups>
    </groups>
    <test started-at="2026-07-20T14:02:44 IST" name="Default test" finished-at="2026-07-20T14:03:00 IST" duration-ms="15436">
      <class name="com.Framework.TestCase.LoginEasyCalculation">
        <test-method is-config="true" signature="SetUp()[pri:0, instance:com.Framework.TestCase.LoginEasyCalculation@139982de]" started-at="2026-07-20T14:02:44 IST" name="SetUp" finished-at="2026-07-20T14:02:44 IST" duration-ms="670" status="PASS">
          <reporter-output>
          </reporter-output>
        </test-method> <!-- SetUp -->
        <test-method is-config="true" signature="BrowserTest()[pri:0, instance:com.Framework.TestCase.LoginEasyCalculation@139982de]" started-at="2026-07-20T14:02:44 IST" name="BrowserTest" finished-at="2026-07-20T14:02:49 IST" duration-ms="4109" status="PASS">
          <reporter-output>
          </reporter-output>
        </test-method> <!-- BrowserTest -->
        <test-method signature="loginApp()[pri:0, instance:com.Framework.TestCase.LoginEasyCalculation@139982de]" started-at="2026-07-20T14:02:49 IST" name="loginApp" finished-at="2026-07-20T14:02:59 IST" duration-ms="10830" status="PASS">
          <reporter-output>
          </reporter-output>
        </test-method> <!-- loginApp -->
        <test-method is-config="true" signature="tearDownMethod(org.testng.ITestResult)[pri:0, instance:com.Framework.TestCase.LoginEasyCalculation@139982de]" started-at="2026-07-20T14:02:59 IST" name="tearDownMethod" finished-at="2026-07-20T14:02:59 IST" duration-ms="2" status="PASS">
          <params>
            <param index="0">
              <value>
                <![CDATA[[TestResult name=loginApp status=SUCCESS method=LoginEasyCalculation.loginApp()[pri:0, instance:com.Framework.TestCase.LoginEasyCalculation@139982de] output={null}]]]>
              </value>
            </param>
          </params>
          <reporter-output>
          </reporter-output>
        </test-method> <!-- tearDownMethod -->
        <test-method is-config="true" signature="tearDown()[pri:0, instance:com.Framework.TestCase.LoginEasyCalculation@139982de]" started-at="2026-07-20T14:02:59 IST" name="tearDown" finished-at="2026-07-20T14:03:00 IST" duration-ms="424" status="PASS">
          <reporter-output>
          </reporter-output>
        </test-method> <!-- tearDown -->
      </class> <!-- com.Framework.TestCase.LoginEasyCalculation -->
    </test> <!-- Default test -->
  </suite> <!-- Default suite -->
</testng-results>
