<?xml version="1.0" encoding="UTF-8"?>
<testng-results ignored="0" total="4" passed="4" failed="0" skipped="0">
  <reporter-output>
  </reporter-output>
  <suite started-at="2026-07-28T13:45:41 IST" name="Suite" finished-at="2026-07-28T13:46:27 IST" duration-ms="46237">
    <groups>
    </groups>
    <test started-at="2026-07-28T13:45:41 IST" name="Test" finished-at="2026-07-28T13:46:27 IST" duration-ms="46237">
      <class name="DataDrivenTesting.CSVFile.Testing.CSVFileReading">
        <test-method is-config="true" signature="setup()[pri:0, instance:DataDrivenTesting.CSVFile.Testing.CSVFileReading@10683d9d]" started-at="2026-07-28T13:46:03 IST" name="setup" finished-at="2026-07-28T13:46:04 IST" duration-ms="1066" status="PASS">
          <reporter-output>
          </reporter-output>
        </test-method> <!-- setup -->
        <test-method signature="DDTestingBlog()[pri:0, instance:DataDrivenTesting.CSVFile.Testing.CSVFileReading@10683d9d]" started-at="2026-07-28T13:46:04 IST" name="DDTestingBlog" finished-at="2026-07-28T13:46:16 IST" duration-ms="11616" status="PASS">
          <reporter-output>
          </reporter-output>
        </test-method> <!-- DDTestingBlog -->
        <test-method is-config="true" signature="tearDown()[pri:0, instance:DataDrivenTesting.CSVFile.Testing.CSVFileReading@10683d9d]" started-at="2026-07-28T13:46:16 IST" name="tearDown" finished-at="2026-07-28T13:46:16 IST" duration-ms="284" status="PASS">
          <reporter-output>
          </reporter-output>
        </test-method> <!-- tearDown -->
      </class> <!-- DataDrivenTesting.CSVFile.Testing.CSVFileReading -->
      <class name="DataDrivenTesting.CSVFile.Testing.ChaseLoginTest">
        <test-method is-config="true" signature="setup()[pri:0, instance:DataDrivenTesting.CSVFile.Testing.ChaseLoginTest@1f2586d6]" started-at="2026-07-28T13:45:57 IST" name="setup" finished-at="2026-07-28T13:45:59 IST" duration-ms="1121" status="PASS">
          <reporter-output>
          </reporter-output>
        </test-method> <!-- setup -->
        <test-method signature="testChaseBankLoginFailure()[pri:0, instance:DataDrivenTesting.CSVFile.Testing.ChaseLoginTest@1f2586d6]" started-at="2026-07-28T13:45:59 IST" name="testChaseBankLoginFailure" finished-at="2026-07-28T13:46:03 IST" duration-ms="4448" status="PASS">
          <reporter-output>
          </reporter-output>
        </test-method> <!-- testChaseBankLoginFailure -->
        <test-method is-config="true" signature="tearDown()[pri:0, instance:DataDrivenTesting.CSVFile.Testing.ChaseLoginTest@1f2586d6]" started-at="2026-07-28T13:46:03 IST" name="tearDown" finished-at="2026-07-28T13:46:03 IST" duration-ms="220" status="PASS">
          <reporter-output>
          </reporter-output>
        </test-method> <!-- tearDown -->
      </class> <!-- DataDrivenTesting.CSVFile.Testing.ChaseLoginTest -->
      <class name="DataDrivenTesting.CSVFile.Testing.OrangeHRMLoginTest">
        <test-method is-config="true" signature="setup()[pri:0, instance:DataDrivenTesting.CSVFile.Testing.OrangeHRMLoginTest@2f4948e4]" started-at="2026-07-28T13:45:41 IST" name="setup" finished-at="2026-07-28T13:45:48 IST" duration-ms="7120" status="PASS">
          <reporter-output>
          </reporter-output>
        </test-method> <!-- setup -->
        <test-method signature="testOrangeHRMLogin()[pri:0, instance:DataDrivenTesting.CSVFile.Testing.OrangeHRMLoginTest@2f4948e4]" started-at="2026-07-28T13:45:48 IST" name="testOrangeHRMLogin" finished-at="2026-07-28T13:45:57 IST" duration-ms="9393" status="PASS">
          <reporter-output>
          </reporter-output>
        </test-method> <!-- testOrangeHRMLogin -->
        <test-method is-config="true" signature="tearDown()[pri:0, instance:DataDrivenTesting.CSVFile.Testing.OrangeHRMLoginTest@2f4948e4]" started-at="2026-07-28T13:45:57 IST" name="tearDown" finished-at="2026-07-28T13:45:57 IST" duration-ms="223" status="PASS">
          <reporter-output>
          </reporter-output>
        </test-method> <!-- tearDown -->
      </class> <!-- DataDrivenTesting.CSVFile.Testing.OrangeHRMLoginTest -->
      <class name="DataDrivenTesting.CSVFile.Testing.AltoroLoginTest">
        <test-method is-config="true" signature="setup()[pri:0, instance:DataDrivenTesting.CSVFile.Testing.AltoroLoginTest@3fc2959f]" started-at="2026-07-28T13:46:16 IST" name="setup" finished-at="2026-07-28T13:46:17 IST" duration-ms="1157" status="PASS">
          <reporter-output>
          </reporter-output>
        </test-method> <!-- setup -->
        <test-method signature="testAltoroLogin()[pri:0, instance:DataDrivenTesting.CSVFile.Testing.AltoroLoginTest@3fc2959f]" started-at="2026-07-28T13:46:17 IST" name="testAltoroLogin" finished-at="2026-07-28T13:46:27 IST" duration-ms="9269" status="PASS">
          <reporter-output>
          </reporter-output>
        </test-method> <!-- testAltoroLogin -->
        <test-method is-config="true" signature="tearDown()[pri:0, instance:DataDrivenTesting.CSVFile.Testing.AltoroLoginTest@3fc2959f]" started-at="2026-07-28T13:46:27 IST" name="tearDown" finished-at="2026-07-28T13:46:27 IST" duration-ms="252" status="PASS">
          <reporter-output>
          </reporter-output>
        </test-method> <!-- tearDown -->
      </class> <!-- DataDrivenTesting.CSVFile.Testing.AltoroLoginTest -->
    </test> <!-- Test -->
  </suite> <!-- Suite -->
</testng-results>
