<?xml version="1.0" encoding="UTF-8"?>
<testng-results ignored="0" total="9" passed="8" failed="1" skipped="0">
  <reporter-output>
  </reporter-output>
  <suite started-at="2026-07-20T18:04:18 IST" name="Suite" finished-at="2026-07-20T18:08:37 IST" duration-ms="259370">
    <groups>
    </groups>
    <test started-at="2026-07-20T18:04:18 IST" name="Test" finished-at="2026-07-20T18:08:37 IST" duration-ms="259370">
      <class name="pom.jenkinsCICDDemoTest.JenkinsCICDTest">
        <test-method signature="ChromeBrowserTest()[pri:0, instance:pom.jenkinsCICDDemoTest.JenkinsCICDTest@446a1e84]" started-at="2026-07-20T18:04:18 IST" name="ChromeBrowserTest" finished-at="2026-07-20T18:04:25 IST" duration-ms="7366" status="PASS">
          <reporter-output>
          </reporter-output>
        </test-method> <!-- ChromeBrowserTest -->
        <test-method signature="EdgeBrowser()[pri:1, instance:pom.jenkinsCICDDemoTest.JenkinsCICDTest@446a1e84]" started-at="2026-07-20T18:04:25 IST" name="EdgeBrowser" finished-at="2026-07-20T18:04:32 IST" duration-ms="6578" status="PASS">
          <reporter-output>
          </reporter-output>
        </test-method> <!-- EdgeBrowser -->
        <test-method signature="FirefoxBrowser()[pri:2, instance:pom.jenkinsCICDDemoTest.JenkinsCICDTest@446a1e84]" started-at="2026-07-20T18:04:32 IST" name="FirefoxBrowser" finished-at="2026-07-20T18:04:41 IST" duration-ms="9022" status="PASS">
          <reporter-output>
          </reporter-output>
        </test-method> <!-- FirefoxBrowser -->
        <test-method signature="VitaminsSupplement()[pri:3, instance:pom.jenkinsCICDDemoTest.JenkinsCICDTest@446a1e84]" started-at="2026-07-20T18:04:41 IST" name="VitaminsSupplement" finished-at="2026-07-20T18:05:53 IST" duration-ms="72222" status="PASS">
          <reporter-output>
          </reporter-output>
        </test-method> <!-- VitaminsSupplement -->
        <test-method signature="navigationTest()[pri:4, instance:pom.jenkinsCICDDemoTest.JenkinsCICDTest@446a1e84]" started-at="2026-07-20T18:05:53 IST" name="navigationTest" finished-at="2026-07-20T18:06:02 IST" duration-ms="8693" status="FAIL">
          <exception class="org.openqa.selenium.NoSuchElementException">
            <message>
              <![CDATA[no such element: Unable to locate element: {"method":"css selector","selector":"#sumbit"}
  (Session info: chrome=150.0.7871.126)
For documentation on this error, please visit: https://www.selenium.dev/documentation/webdriver/troubleshooting/errors#nosuchelementexception
Build info: version: '4.45.0', revision: 'cd6a3cd cd6a3cdfca6970f62e5bc8344109d0fe0e2af05e'
System info: os.name: 'Windows 11', os.arch: 'amd64', os.version: '10.0', java.version: '21.0.9'
Driver info: org.openqa.selenium.chrome.ChromeDriver
Command: [1a1e7ed0a92ec67b0e2c080a2e59b26f, findElement {using=id, value=sumbit}]
Capabilities {acceptInsecureCerts: false, browserName: chrome, browserVersion: 150.0.7871.126, chrome: {chromedriverVersion: 150.0.7871.124 (9261fd0a595..., userDataDir: C:\Users\gargd\AppData\Loca...}, fedcm:accounts: true, goog:chromeOptions: {debuggerAddress: localhost:59474}, goog:processID: 9600, networkConnectionEnabled: false, pageLoadStrategy: normal, platformName: windows, proxy: Proxy(), se:cdp: ws://localhost:59474/devtoo..., se:cdpVersion: 150.0.7871.126, setWindowRect: true, strictFileInteractability: false, timeouts: {implicit: 0, pageLoad: 300000, script: 30000}, unhandledPromptBehavior: dismiss and notify, webauthn:extension:credBlob: true, webauthn:extension:largeBlob: true, webauthn:extension:minPinLength: true, webauthn:extension:prf: true, webauthn:virtualAuthenticators: true}
Session ID: 1a1e7ed0a92ec67b0e2c080a2e59b26f]]>
            </message>
            <full-stacktrace>
              <![CDATA[org.openqa.selenium.NoSuchElementException: no such element: Unable to locate element: {"method":"css selector","selector":"#sumbit"}
  (Session info: chrome=150.0.7871.126)
For documentation on this error, please visit: https://www.selenium.dev/documentation/webdriver/troubleshooting/errors#nosuchelementexception
Build info: version: '4.45.0', revision: 'cd6a3cd cd6a3cdfca6970f62e5bc8344109d0fe0e2af05e'
System info: os.name: 'Windows 11', os.arch: 'amd64', os.version: '10.0', java.version: '21.0.9'
Driver info: org.openqa.selenium.chrome.ChromeDriver
Command: [1a1e7ed0a92ec67b0e2c080a2e59b26f, findElement {using=id, value=sumbit}]
Capabilities {acceptInsecureCerts: false, browserName: chrome, browserVersion: 150.0.7871.126, chrome: {chromedriverVersion: 150.0.7871.124 (9261fd0a595..., userDataDir: C:\Users\gargd\AppData\Loca...}, fedcm:accounts: true, goog:chromeOptions: {debuggerAddress: localhost:59474}, goog:processID: 9600, networkConnectionEnabled: false, pageLoadStrategy: normal, platformName: windows, proxy: Proxy(), se:cdp: ws://localhost:59474/devtoo..., se:cdpVersion: 150.0.7871.126, setWindowRect: true, strictFileInteractability: false, timeouts: {implicit: 0, pageLoad: 300000, script: 30000}, unhandledPromptBehavior: dismiss and notify, webauthn:extension:credBlob: true, webauthn:extension:largeBlob: true, webauthn:extension:minPinLength: true, webauthn:extension:prf: true, webauthn:virtualAuthenticators: true}
Session ID: 1a1e7ed0a92ec67b0e2c080a2e59b26f
at org.openqa.selenium.remote.ErrorCodec.decode(ErrorCodec.java:169)
at org.openqa.selenium.remote.codec.w3c.W3CHttpResponseCodec.decode(W3CHttpResponseCodec.java:143)
at org.openqa.selenium.remote.codec.w3c.W3CHttpResponseCodec.decode(W3CHttpResponseCodec.java:50)
at org.openqa.selenium.remote.HttpCommandExecutor.execute(HttpCommandExecutor.java:196)
at org.openqa.selenium.remote.service.DriverCommandExecutor.invokeExecute(DriverCommandExecutor.java:217)
at org.openqa.selenium.remote.service.DriverCommandExecutor.execute(DriverCommandExecutor.java:175)
at org.openqa.selenium.remote.RemoteWebDriver.execute(RemoteWebDriver.java:575)
at org.openqa.selenium.remote.ElementLocation$ElementFinder$2.findElement(ElementLocation.java:173)
at org.openqa.selenium.remote.ElementLocation.findElement(ElementLocation.java:67)
at org.openqa.selenium.remote.RemoteWebDriver.findElement(RemoteWebDriver.java:396)
at org.openqa.selenium.remote.RemoteWebDriver.findElement(RemoteWebDriver.java:390)
at pom.jenkinsCICDDemoTest.JenkinsCICDTest.navigationTest(JenkinsCICDTest.java:161)
at java.base/jdk.internal.reflect.DirectMethodHandleAccessor.invoke(DirectMethodHandleAccessor.java:103)
at java.base/java.lang.reflect.Method.invoke(Method.java:580)
at org.testng.internal.invokers.MethodInvocationHelper.invokeMethod(MethodInvocationHelper.java:141)
at org.testng.internal.invokers.TestInvoker.invokeMethod(TestInvoker.java:697)
at org.testng.internal.invokers.TestInvoker.invokeTestMethod(TestInvoker.java:230)
at org.testng.internal.invokers.MethodRunner.runInSequence(MethodRunner.java:63)
at org.testng.internal.invokers.TestInvoker$MethodInvocationAgent.invoke(TestInvoker.java:1005)
at org.testng.internal.invokers.TestInvoker.invokeTestMethods(TestInvoker.java:203)
at org.testng.internal.invokers.TestMethodWorker.invokeTestMethods(TestMethodWorker.java:154)
at org.testng.internal.invokers.TestMethodWorker.run(TestMethodWorker.java:134)
at java.base/java.util.ArrayList.forEach(ArrayList.java:1596)
at org.testng.TestRunner.privateRun(TestRunner.java:744)
at org.testng.TestRunner.run(TestRunner.java:616)
at org.testng.SuiteRunner.runTest(SuiteRunner.java:421)
at org.testng.SuiteRunner.runSequentially(SuiteRunner.java:413)
at org.testng.SuiteRunner.privateRun(SuiteRunner.java:373)
at org.testng.SuiteRunner.run(SuiteRunner.java:312)
at org.testng.SuiteRunnerWorker.runSuite(SuiteRunnerWorker.java:52)
at org.testng.SuiteRunnerWorker.run(SuiteRunnerWorker.java:95)
at org.testng.TestNG.runSuitesSequentially(TestNG.java:1274)
at org.testng.TestNG.runSuitesLocally(TestNG.java:1208)
at org.testng.TestNG.runSuites(TestNG.java:1112)
at org.testng.TestNG.run(TestNG.java:1079)
at org.testng.remote.AbstractRemoteTestNG.run(AbstractRemoteTestNG.java:115)
at org.testng.remote.RemoteTestNG.initAndRun(RemoteTestNG.java:293)
at org.testng.remote.RemoteTestNG.main(RemoteTestNG.java:91)
]]>
            </full-stacktrace>
          </exception> <!-- org.openqa.selenium.NoSuchElementException -->
          <reporter-output>
          </reporter-output>
        </test-method> <!-- navigationTest -->
        <test-method signature="VitaminsLink()[pri:5, instance:pom.jenkinsCICDDemoTest.JenkinsCICDTest@446a1e84]" started-at="2026-07-20T18:06:02 IST" name="VitaminsLink" finished-at="2026-07-20T18:07:23 IST" duration-ms="81224" status="PASS">
          <reporter-output>
          </reporter-output>
        </test-method> <!-- VitaminsLink -->
        <test-method signature="DropDownList()[pri:6, instance:pom.jenkinsCICDDemoTest.JenkinsCICDTest@446a1e84]" started-at="2026-07-20T18:07:23 IST" name="DropDownList" finished-at="2026-07-20T18:07:35 IST" duration-ms="11995" status="PASS">
          <reporter-output>
          </reporter-output>
        </test-method> <!-- DropDownList -->
        <test-method signature="IDLocator()[pri:7, instance:pom.jenkinsCICDDemoTest.JenkinsCICDTest@446a1e84]" started-at="2026-07-20T18:07:35 IST" name="IDLocator" finished-at="2026-07-20T18:07:42 IST" duration-ms="6988" status="PASS">
          <reporter-output>
          </reporter-output>
        </test-method> <!-- IDLocator -->
        <test-method signature="iframe()[pri:8, instance:pom.jenkinsCICDDemoTest.JenkinsCICDTest@446a1e84]" started-at="2026-07-20T18:07:42 IST" name="iframe" finished-at="2026-07-20T18:08:37 IST" duration-ms="54958" status="PASS">
          <reporter-output>
          </reporter-output>
        </test-method> <!-- iframe -->
      </class> <!-- pom.jenkinsCICDDemoTest.JenkinsCICDTest -->
    </test> <!-- Test -->
  </suite> <!-- Suite -->
</testng-results>
