<?xml version="1.0" encoding="UTF-8"?>
<testng-results ignored="0" total="1" passed="1" failed="0" skipped="0">
  <reporter-output>
  </reporter-output>
  <suite started-at="2026-07-15T16:23:46 IST" name="Default suite" finished-at="2026-07-15T16:24:38 IST" duration-ms="51936">
    <groups>
    </groups>
    <test started-at="2026-07-15T16:23:46 IST" name="Default test" finished-at="2026-07-15T16:24:38 IST" duration-ms="51936">
      <class name="com.SeleniumWebDriver.Locators.Demo.ClassNameTestDemo">
        <test-method signature="VitaminsSupplement()[pri:0, instance:com.SeleniumWebDriver.Locators.Demo.ClassNameTestDemo@3c19aaa5]" started-at="2026-07-15T16:23:46 IST" name="VitaminsSupplement" finished-at="2026-07-15T16:24:38 IST" duration-ms="51893" status="PASS">
          <reporter-output>
          </reporter-output>
        </test-method> <!-- VitaminsSupplement -->
      </class> <!-- com.SeleniumWebDriver.Locators.Demo.ClassNameTestDemo -->
    </test> <!-- Default test -->
  </suite> <!-- Default suite -->
</testng-results>
