<?xml version="1.0" encoding="UTF-8"?>
<testng-results ignored="0" total="4" passed="4" failed="0" skipped="0">
  <reporter-output>
  </reporter-output>
  <suite started-at="2026-07-28T18:52:14 IST" name="Suite" finished-at="2026-07-28T18:53:21 IST" duration-ms="66865">
    <groups>
    </groups>
    <test started-at="2026-07-28T18:52:14 IST" name="Test" finished-at="2026-07-28T18:53:21 IST" duration-ms="66865">
      <class name="PageFactory.Login">
        <test-method is-config="true" signature="setup()[pri:0, instance:PageFactory.Login@69ee81fc]" started-at="2026-07-28T18:52:14 IST" name="setup" finished-at="2026-07-28T18:52:19 IST" duration-ms="4765" status="PASS">
          <reporter-output>
          </reporter-output>
        </test-method> <!-- setup -->
        <test-method signature="login()[pri:1, instance:PageFactory.Login@69ee81fc]" started-at="2026-07-28T18:52:19 IST" name="login" finished-at="2026-07-28T18:52:32 IST" duration-ms="13190" status="PASS">
          <reporter-output>
          </reporter-output>
        </test-method> <!-- login -->
        <test-method signature="navigateToAgeCalculator()[pri:2, instance:PageFactory.Login@69ee81fc]" started-at="2026-07-28T18:52:32 IST" name="navigateToAgeCalculator" finished-at="2026-07-28T18:53:12 IST" duration-ms="40232" status="PASS">
          <reporter-output>
          </reporter-output>
        </test-method> <!-- navigateToAgeCalculator -->
        <test-method signature="testAgeCalculation()[pri:3, instance:PageFactory.Login@69ee81fc]" started-at="2026-07-28T18:53:12 IST" name="testAgeCalculation" finished-at="2026-07-28T18:53:16 IST" duration-ms="3810" status="PASS">
          <reporter-output>
          </reporter-output>
        </test-method> <!-- testAgeCalculation -->
        <test-method signature="testAgeCalculation1()[pri:4, instance:PageFactory.Login@69ee81fc]" started-at="2026-07-28T18:53:16 IST" name="testAgeCalculation1" finished-at="2026-07-28T18:53:20 IST" duration-ms="3445" status="PASS">
          <reporter-output>
          </reporter-output>
        </test-method> <!-- testAgeCalculation1 -->
        <test-method is-config="true" signature="tearDown()[pri:0, instance:PageFactory.Login@69ee81fc]" started-at="2026-07-28T18:53:20 IST" name="tearDown" finished-at="2026-07-28T18:53:21 IST" duration-ms="1010" status="PASS">
          <reporter-output>
          </reporter-output>
        </test-method> <!-- tearDown -->
      </class> <!-- PageFactory.Login -->
    </test> <!-- Test -->
  </suite> <!-- Suite -->
</testng-results>
