<?xml version="1.0" encoding="UTF-8"?>
<testng-results ignored="0" total="1" passed="1" failed="0" skipped="0">
  <reporter-output>
  </reporter-output>
  <suite started-at="2026-07-18T12:10:38 IST" name="Default suite" finished-at="2026-07-18T12:10:44 IST" duration-ms="6611">
    <groups>
    </groups>
    <test started-at="2026-07-18T12:10:38 IST" name="Default test" finished-at="2026-07-18T12:10:44 IST" duration-ms="6611">
      <class name="screenShotsDemo.ScreenShots1">
        <test-method signature="screenshot()[pri:0, instance:screenShotsDemo.ScreenShots1@18078bef]" started-at="2026-07-18T12:10:38 IST" name="screenshot" finished-at="2026-07-18T12:10:44 IST" duration-ms="6576" status="PASS">
          <reporter-output>
          </reporter-output>
        </test-method> <!-- screenshot -->
      </class> <!-- screenShotsDemo.ScreenShots1 -->
    </test> <!-- Default test -->
  </suite> <!-- Default suite -->
</testng-results>
