<?xml version="1.0" encoding="UTF-8"?>
<!-- Generated by org.testng.reporters.JUnitReportReporter -->
<testsuite hostname="Divays_LOQ" failures="0" tests="3" name="webdriver.commands.BrowserCommands" time="11.537" errors="0" timestamp="2026-07-14T20:09:20 IST" skipped="0">
  <testcase classname="webdriver.commands.BrowserCommands" name="ChromeBrowserTest" time="4.424"/>
  <testcase classname="webdriver.commands.BrowserCommands" name="EdgeBrowser" time="2.147"/>
  <testcase classname="webdriver.commands.BrowserCommands" name="FirefoxBrowser" time="4.966"/>
</testsuite> <!-- webdriver.commands.BrowserCommands -->
