<?xml version="1.0" encoding="UTF-8"?>
<!-- Generated by org.testng.reporters.JUnitReportReporter -->
<testsuite hostname="Divays_LOQ" failures="0" tests="3" name="pom.jenkinsCICDDemoTest.BrowserCommands" time="22.059" errors="0" timestamp="2026-07-20T16:39:29 IST" skipped="0">
  <testcase classname="pom.jenkinsCICDDemoTest.BrowserCommands" name="ChromeBrowserTest" time="5.532"/>
  <testcase classname="pom.jenkinsCICDDemoTest.BrowserCommands" name="EdgeBrowser" time="5.425"/>
  <testcase classname="pom.jenkinsCICDDemoTest.BrowserCommands" name="FirefoxBrowser" time="11.102"/>
</testsuite> <!-- pom.jenkinsCICDDemoTest.BrowserCommands -->
