<?xml version="1.0" encoding="UTF-8"?>
<testng-results ignored="0" total="1" passed="1" failed="0" skipped="0">
  <reporter-output>
  </reporter-output>
  <suite started-at="2026-07-18T14:23:17 IST" name="Default suite" finished-at="2026-07-18T14:23:21 IST" duration-ms="3425">
    <groups>
    </groups>
    <test started-at="2026-07-18T14:23:17 IST" name="Default test" finished-at="2026-07-18T14:23:21 IST" duration-ms="3425">
      <class name="com.EasyCalculation.TestCases.ExecutionLoginPage">
        <test-method signature="CheckValidUser()[pri:0, instance:com.EasyCalculation.TestCases.ExecutionLoginPage@a1153bc]" started-at="2026-07-18T14:23:17 IST" name="CheckValidUser" finished-at="2026-07-18T14:23:21 IST" duration-ms="3363" status="PASS">
          <reporter-output>
          </reporter-output>
        </test-method> <!-- CheckValidUser -->
      </class> <!-- com.EasyCalculation.TestCases.ExecutionLoginPage -->
    </test> <!-- Default test -->
  </suite> <!-- Default suite -->
</testng-results>
