<?xml version="1.0" encoding="UTF-8"?>
<testng-results ignored="0" total="1" passed="1" failed="0" skipped="0">
  <reporter-output>
  </reporter-output>
  <suite started-at="2026-07-18T10:24:42 IST" name="Default suite" finished-at="2026-07-18T10:24:57 IST" duration-ms="14325">
    <groups>
    </groups>
    <test started-at="2026-07-18T10:24:42 IST" name="Default test" finished-at="2026-07-18T10:24:57 IST" duration-ms="14325">
      <class name="MouseHandOer.MouseOverElements">
        <test-method signature="mouseover()[pri:0, instance:MouseHandOer.MouseOverElements@4c371370]" started-at="2026-07-18T10:24:42 IST" name="mouseover" finished-at="2026-07-18T10:24:57 IST" duration-ms="14286" status="PASS">
          <reporter-output>
          </reporter-output>
        </test-method> <!-- mouseover -->
      </class> <!-- MouseHandOer.MouseOverElements -->
    </test> <!-- Default test -->
  </suite> <!-- Default suite -->
</testng-results>
