<?xml version="1.0" encoding="UTF-8"?>
<testng-results ignored="0" total="1" passed="1" failed="0" skipped="0">
  <reporter-output>
  </reporter-output>
  <suite started-at="2026-07-17T15:08:15 IST" name="Default suite" finished-at="2026-07-17T15:08:28 IST" duration-ms="12718">
    <groups>
    </groups>
    <test started-at="2026-07-17T15:08:15 IST" name="Default test" finished-at="2026-07-17T15:08:28 IST" duration-ms="12718">
      <class name="SpiceJetRadio.SpiceJetRadioButtons">
        <test-method signature="SpiceJet()[pri:0, instance:SpiceJetRadio.SpiceJetRadioButtons@4c371370]" started-at="2026-07-17T15:08:15 IST" name="SpiceJet" finished-at="2026-07-17T15:08:28 IST" duration-ms="12666" status="PASS">
          <reporter-output>
          </reporter-output>
        </test-method> <!-- SpiceJet -->
      </class> <!-- SpiceJetRadio.SpiceJetRadioButtons -->
    </test> <!-- Default test -->
  </suite> <!-- Default suite -->
</testng-results>
