<?xml version="1.0" encoding="UTF-8"?>
<testng-results ignored="0" total="1" passed="1" failed="0" skipped="0">
  <reporter-output>
  </reporter-output>
  <suite started-at="2026-07-22T10:42:14 IST" name="Default suite" finished-at="2026-07-22T10:42:14 IST" duration-ms="534">
    <groups>
    </groups>
    <test started-at="2026-07-22T10:42:14 IST" name="Default test" finished-at="2026-07-22T10:42:14 IST" duration-ms="534">
      <class name="com.CRUD.Delete">
        <test-method signature="establishDataBaseConnection()[pri:0, instance:com.CRUD.Delete@18078bef]" started-at="2026-07-22T10:42:14 IST" name="establishDataBaseConnection" finished-at="2026-07-22T10:42:14 IST" duration-ms="494" status="PASS">
          <reporter-output>
          </reporter-output>
        </test-method> <!-- establishDataBaseConnection -->
      </class> <!-- com.CRUD.Delete -->
    </test> <!-- Default test -->
  </suite> <!-- Default suite -->
</testng-results>
